[2020-05-10T19:50:16.157] [INFO] sdi - Usuario pepe@email.com identificado correctamente
[2020-05-10T19:52:14.757] [INFO] sdi - Usuario: pepe@email.com desconectado
[2020-05-10T19:52:22.404] [INFO] sdi - Usuario pedro@email.com identificado correctamente
[2020-05-10T19:52:30.279] [INFO] sdi - Usuario: pedro@email.com desconectado
[2020-05-10T19:52:38.858] [ERROR] sdi - Error de identificacion de usuario
[2020-05-10T20:00:56.155] [INFO] sdi - Usuario pepe@email.com identificado correctamente
[2020-05-10T20:03:43.387] [INFO] sdi - Usuario bencam@email.com identificado correctamente
[2020-05-10T20:04:21.159] [INFO] sdi - Usuario bencam@email.com identificado correctamente
[2020-05-10T20:04:43.180] [INFO] sdi - Usuario: bencam@email.com desconectado
[2020-05-10T20:04:50.242] [INFO] sdi - Usuario pelamar@email.com identificado correctamente
[2020-05-10T20:05:15.690] [INFO] sdi - Usuario: pelamar@email.com desconectado
[2020-05-10T20:05:42.727] [INFO] sdi - Nuevo usuario registrado: test@test.com
[2020-05-10T20:05:55.481] [INFO] sdi - Usuario test@test.com identificado correctamente
[2020-05-10T20:09:24.715] [INFO] sdi - Usuario: bencam@email.com desconectado
[2020-05-10T20:09:38.538] [ERROR] sdi - Error de identificacion de usuario
[2020-05-10T20:09:48.718] [INFO] sdi - Usuario test@test.com identificado correctamente
[2020-05-10T20:10:41.233] [INFO] sdi - Usuario test@test.com identificado correctamente
[2020-05-10T20:13:51.651] [INFO] sdi - Usuario pepe@email.com identificado correctamente
[2020-05-10T20:14:20.162] [INFO] sdi - Usuario: pepe@email.com desconectado
[2020-05-10T20:14:28.563] [INFO] sdi - Usuario test@test.com identificado correctamente
[2020-05-10T20:23:44.407] [INFO] sdi - Usuario: undefined desconectado
[2020-05-10T20:23:59.802] [INFO] sdi - Usuario pepe@email.com identificado correctamente
[2020-05-10T20:24:15.995] [INFO] sdi - Usuario: pepe@email.com desconectado
[2020-05-10T20:24:28.837] [INFO] sdi - Usuario lau8989@email.com identificado correctamente
[2020-05-10T20:25:45.592] [INFO] sdi - Usuario lau8989@email.com identificado correctamente
[2020-05-10T20:26:26.177] [INFO] sdi - Usuario: lau8989@email.com desconectado
[2020-05-10T20:26:35.014] [INFO] sdi - Usuario dani99@email.com identificado correctamente
[2020-05-10T20:32:25.043] [INFO] sdi - Usuario dani99@email.com identificado correctamente
[2020-05-10T20:39:33.179] [INFO] sdi - Usuario pelamar@email.com identificado correctamente
[2020-05-10T20:39:39.822] [INFO] sdi - Usuario: pelamar@email.com desconectado
[2020-05-10T20:39:47.516] [ERROR] sdi - Error de identificacion de usuario
[2020-05-10T20:39:57.006] [INFO] sdi - Usuario dani99@email.com identificado correctamente
[2020-05-10T20:40:23.545] [INFO] sdi - El usuario dani99@email.com ha aceptado la solicitud de pelamar@email.com
[2020-05-10T20:42:13.488] [INFO] sdi - Usuario pepe@email.com identificado correctamente
[2020-05-10T20:42:43.834] [INFO] sdi - Usuario: pepe@email.com desconectado
[2020-05-10T20:42:54.598] [INFO] sdi - Usuario dani99@email.com identificado correctamente
[2020-05-10T20:43:52.738] [INFO] sdi - Usuario dani99@email.com identificado correctamente
[2020-05-10T20:48:44.522] [INFO] sdi - Usuario dani99@email.com identificado correctamente
[2020-05-10T20:49:45.877] [INFO] sdi - Usuario lau8989@email.com identificado correctamente
[2020-05-10T20:50:10.525] [INFO] sdi - Usuario: lau8989@email.com desconectado
[2020-05-10T20:50:20.849] [INFO] sdi - Usuario ramiro@email.com identificado correctamente
[2020-05-10T20:51:10.665] [INFO] sdi - Usuario: ramiro@email.com desconectado
[2020-05-10T20:51:24.427] [INFO] sdi - Usuario bencam@email.com identificado correctamente
[2020-05-10T20:54:31.793] [ERROR] sdi - Error de identificacion de usuario
[2020-05-10T20:54:41.693] [INFO] sdi - Usuario test@test.com identificado correctamente
[2020-05-10T20:55:10.030] [INFO] sdi - Usuario: test@test.com desconectado
[2020-05-10T20:55:18.110] [INFO] sdi - Usuario pepe@email.com identificado correctamente
[2020-05-10T20:55:42.373] [INFO] sdi - Usuario: pepe@email.com desconectado
[2020-05-10T20:56:40.647] [INFO] sdi - Usuario dani99@email.com identificado correctamente
[2020-05-10T20:57:24.844] [INFO] sdi - Usuario: dani99@email.com desconectado
[2020-05-10T20:57:35.637] [INFO] sdi - Usuario pelamar@email.com identificado correctamente
[2020-05-10T20:57:59.714] [INFO] sdi - Usuario: pelamar@email.com desconectado
[2020-05-10T20:58:07.149] [INFO] sdi - Usuario dani99@email.com identificado correctamente
[2020-05-10T20:59:13.220] [INFO] sdi - Usuario: dani99@email.com desconectado
[2020-05-10T20:59:21.533] [INFO] sdi - Usuario pelamar@email.com identificado correctamente
[2020-05-10T21:00:02.512] [INFO] sdi - Usuario: pelamar@email.com desconectado
[2020-05-10T21:01:43.780] [INFO] sdi - Usuario dani99@email.com identificado correctamente
[2020-05-10T21:13:08.101] [INFO] sdi - Usuario dani99@email.com identificado correctamente
[2020-05-10T21:14:50.063] [INFO] sdi - Usuario dani99@email.com identificado correctamente
[2020-05-10T21:16:57.538] [INFO] sdi - Usuario dani99@email.com identificado correctamente
[2020-05-10T21:25:56.605] [INFO] sdi - Usuario: undefined desconectado
[2020-05-10T21:26:04.228] [INFO] sdi - Usuario pelamar@email.com identificado correctamente
[2020-05-10T21:26:31.094] [INFO] sdi - Usuario: pelamar@email.com desconectado
[2020-05-10T21:26:42.492] [INFO] sdi - Usuario dani99@email.com identificado correctamente
[2020-05-10T21:42:02.188] [INFO] sdi - Usuario: undefined desconectado
[2020-05-10T21:42:12.505] [INFO] sdi - Usuario pepe@email.com identificado correctamente
[2020-05-10T21:42:38.792] [INFO] sdi - Usuario: pepe@email.com desconectado
